<?xml version="1.0" encoding="UTF-8"?>
<!-- Generated by org.testng.reporters.JUnitReportReporter -->
<testsuite hostname="LAPTOP-7BHBVN2E" failures="0" tests="4" name="shohamkatzav.test.SubmitOrderTest" time="29.032" errors="0" timestamp="2025-08-16T12:00:55 IDT" skipped="0">
  <testcase classname="shohamkatzav.test.SubmitOrderTest" name="submitOrder" time="7.955"/>
  <testcase classname="shohamkatzav.test.SubmitOrderTest" name="OrderHistoryTest" time="5.699"/>
  <testcase classname="shohamkatzav.test.SubmitOrderTest" name="OrderHistoryTest" time="7.597"/>
  <testcase classname="shohamkatzav.test.SubmitOrderTest" name="submitOrder" time="7.781"/>
</testsuite> <!-- shohamkatzav.test.SubmitOrderTest -->
