<?xml version="1.0" encoding="UTF-8"?>
<!-- Generated by org.testng.reporters.JUnitReportReporter -->
<testsuite hostname="LAPTOP-7BHBVN2E" failures="0" tests="1" name="cucumber.TestNGTestRunner" time="9.458" errors="0" timestamp="2025-08-16T13:30:32 IDT" skipped="0">
  <testcase classname="cucumber.TestNGTestRunner" name="runScenario" time="9.458"/>
</testsuite> <!-- cucumber.TestNGTestRunner -->
