<?xml version="1.0" encoding="UTF-8"?>
<!-- Generated by org.testng.reporters.JUnitReportReporter -->
<testsuite hostname="LAPTOP-7BHBVN2E" failures="0" tests="2" name="shohamkatzav.test.ErrorValidationsTest" time="16.577" errors="0" timestamp="2025-08-08T18:58:01 IDT" skipped="0">
  <testcase classname="shohamkatzav.test.ErrorValidationsTest" name="ProductErrorValidation" time="8.069"/>
  <testcase classname="shohamkatzav.test.ErrorValidationsTest" name="LoginErrorValidation" time="8.508"/>
</testsuite> <!-- shohamkatzav.test.ErrorValidationsTest -->
