<?xml version="1.0" encoding="UTF-8"?>
<!-- Generated by org.testng.reporters.JUnitReportReporter -->
<testsuite hostname="LAPTOP-7BHBVN2E" failures="0" tests="1" name="shohamkatzav.test.ErrorValidations" time="7.034" errors="0" timestamp="2025-08-01T19:59:38 IDT" skipped="0">
  <testcase classname="shohamkatzav.test.ErrorValidations" name="ErrorLoginValidations" time="7.034"/>
</testsuite> <!-- shohamkatzav.test.ErrorValidations -->
