<?xml version="1.0" encoding="UTF-8"?>
<!-- Generated by org.testng.reporters.JUnitReportReporter -->
<testsuite hostname="LAPTOP-7BHBVN2E" failures="0" tests="1" name="cucumber.TestNGTestRunner" time="8.982" errors="0" timestamp="2025-08-16T14:40:48 IDT" skipped="0">
  <testcase classname="cucumber.TestNGTestRunner" name="runScenario" time="8.982"/>
</testsuite> <!-- cucumber.TestNGTestRunner -->
