<?xml version="1.0" encoding="UTF-8"?>
<!-- Generated by org.testng.reporters.JUnitReportReporter -->
<testsuite hostname="LAPTOP-7BHBVN2E" failures="0" tests="4" name="shohamkatzav.test.SubmitOrderTest" time="27.803" errors="0" timestamp="2025-08-16T14:38:04 IDT" skipped="0">
  <testcase classname="shohamkatzav.test.SubmitOrderTest" name="submitOrder" time="7.991"/>
  <testcase classname="shohamkatzav.test.SubmitOrderTest" name="submitOrder" time="7.683"/>
  <testcase classname="shohamkatzav.test.SubmitOrderTest" name="OrderHistoryTest" time="5.473"/>
  <testcase classname="shohamkatzav.test.SubmitOrderTest" name="OrderHistoryTest" time="6.656"/>
</testsuite> <!-- shohamkatzav.test.SubmitOrderTest -->
