<?xml version="1.0" encoding="UTF-8"?>
<!-- Generated by org.testng.reporters.JUnitReportReporter -->
<testsuite hostname="LAPTOP-7BHBVN2E" failures="0" tests="2" name="shohamkatzav.test.ErrorValidationsTest" time="13.242" errors="0" timestamp="2025-08-16T14:38:04 IDT" skipped="0">
  <testcase classname="shohamkatzav.test.ErrorValidationsTest" name="ProductErrorValidation" time="8.603"/>
  <testcase classname="shohamkatzav.test.ErrorValidationsTest" name="LoginErrorValidation" time="4.639"/>
</testsuite> <!-- shohamkatzav.test.ErrorValidationsTest -->
